<?xml version="1.0" encoding="UTF-8"?>
<testsuite xmlns:xsi="http://www.w3.org/2001/XMLSchema-instance" xsi:noNamespaceSchemaLocation="https://maven.apache.org/surefire/maven-surefire-plugin/xsd/surefire-test-report.xsd" version="3.0.2" name="com.ingredients_service.cucumber.CucumberIntegrationTest" time="3.977" tests="14" errors="0" skipped="0" failures="0">
  <properties>
[...]
</properties>
  <testcase name="Successfully create a new ingredient" classname="Create a new ingredient" time="3.523">
    <system-out><![CDATA[
  .   ____          _            __ _ _
 /\\ / ___'_ __ _ _(_)_ __  __ _ \ \ \ \
( ( )\___ | '_ | '_| | '_ \/ _` | \ \ \ \
 \\/  ___)| |_)| | | | | || (_| |  ) ) ) )
  '  |____| .__|_| |_|_| |_\__, | / / / /
 =========|_|==============|___/=/_/_/_/

 :: Spring Boot ::                (v3.4.1)

2025-02-17T21:39:24.965+01:00  INFO 19202 --- [Ingredients app] [           main] c.i.cucumber.glue.SpringIntegrationTest  : Starting SpringIntegrationTest using Java 17.0.13 with PID 19202 (started by veronika in /Users/veronika/Projects/MASTER/mealplan-app/ingredients_service)
2025-02-17T21:39:24.966+01:00  INFO 19202 --- [Ingredients app] [           main] c.i.cucumber.glue.SpringIntegrationTest  : The following 1 profile is active: "test"
2025-02-17T21:39:25.432+01:00  INFO 19202 --- [Ingredients app] [           main] .s.d.r.c.RepositoryConfigurationDelegate : Bootstrapping Spring Data JPA repositories in DEFAULT mode.
2025-02-17T21:39:25.459+01:00  INFO 19202 --- [Ingredients app] [           main] .s.d.r.c.RepositoryConfigurationDelegate : Finished Spring Data repository scanning in 22 ms. Found 1 JPA repository interface.
2025-02-17T21:39:25.749+01:00  INFO 19202 --- [Ingredients app] [           main] o.s.b.w.embedded.tomcat.TomcatWebServer  : Tomcat initialized with port 8083 (http)
2025-02-17T21:39:25.759+01:00  INFO 19202 --- [Ingredients app] [           main] o.apache.catalina.core.StandardService   : Starting service [Tomcat]
2025-02-17T21:39:25.759+01:00  INFO 19202 --- [Ingredients app] [           main] o.apache.catalina.core.StandardEngine    : Starting Servlet engine: [Apache Tomcat/10.1.34]
2025-02-17T21:39:25.788+01:00  INFO 19202 --- [Ingredients app] [           main] o.a.c.c.C.[.[localhost].[/meal_plan]     : Initializing Spring embedded WebApplicationContext
2025-02-17T21:39:25.788+01:00  INFO 19202 --- [Ingredients app] [           main] w.s.c.ServletWebServerApplicationContext : Root WebApplicationContext: initialization completed in 808 ms
2025-02-17T21:39:25.879+01:00  INFO 19202 --- [Ingredients app] [           main] o.hibernate.jpa.internal.util.LogHelper  : HHH000204: Processing PersistenceUnitInfo [name: default]
2025-02-17T21:39:25.932+01:00  INFO 19202 --- [Ingredients app] [           main] org.hibernate.Version                    : HHH000412: Hibernate ORM core version 6.6.4.Final
2025-02-17T21:39:25.955+01:00  INFO 19202 --- [Ingredients app] [           main] o.h.c.internal.RegionFactoryInitiator    : HHH000026: Second-level cache disabled
2025-02-17T21:39:26.119+01:00  INFO 19202 --- [Ingredients app] [           main] o.s.o.j.p.SpringPersistenceUnitInfo      : No LoadTimeWeaver setup: ignoring JPA class transformer
2025-02-17T21:39:26.137+01:00  INFO 19202 --- [Ingredients app] [           main] com.zaxxer.hikari.HikariDataSource       : HikariPool-1 - Starting...
2025-02-17T21:39:26.240+01:00  INFO 19202 --- [Ingredients app] [           main] com.zaxxer.hikari.pool.HikariPool        : HikariPool-1 - Added connection org.postgresql.jdbc.PgConnection@7bfd21ca
2025-02-17T21:39:26.240+01:00  INFO 19202 --- [Ingredients app] [           main] com.zaxxer.hikari.HikariDataSource       : HikariPool-1 - Start completed.
2025-02-17T21:39:26.300+01:00  INFO 19202 --- [Ingredients app] [           main] org.hibernate.orm.connections.pooling    : HHH10001005: Database info:
	Database JDBC URL [Connecting through datasource 'HikariDataSource (HikariPool-1)']
	Database driver: undefined/unknown
	Database version: 14.15
	Autocommit mode: undefined/unknown
	Isolation level: undefined/unknown
	Minimum pool size: undefined/unknown
	Maximum pool size: undefined/unknown
2025-02-17T21:39:26.780+01:00  INFO 19202 --- [Ingredients app] [           main] o.h.e.t.j.p.i.JtaPlatformInitiator       : HHH000489: No JTA platform available (set 'hibernate.transaction.jta.platform' to enable JTA platform integration)
2025-02-17T21:39:26.818+01:00  INFO 19202 --- [Ingredients app] [           main] j.LocalContainerEntityManagerFactoryBean : Initialized JPA EntityManagerFactory for persistence unit 'default'
2025-02-17T21:39:27.056+01:00  WARN 19202 --- [Ingredients app] [           main] JpaBaseConfiguration$JpaWebConfiguration : spring.jpa.open-in-view is enabled by default. Therefore, database queries may be performed during view rendering. Explicitly configure spring.jpa.open-in-view to disable this warning
2025-02-17T21:39:27.068+01:00  WARN 19202 --- [Ingredients app] [           main] .s.s.UserDetailsServiceAutoConfiguration : 

Using generated security password: c8dacb72-534b-4901-866b-9c3fcb4e83be

This generated password is for development use only. Your security configuration must be updated before running your application in production.

2025-02-17T21:39:27.083+01:00  INFO 19202 --- [Ingredients app] [           main] r$InitializeUserDetailsManagerConfigurer : Global AuthenticationManager configured with UserDetailsService bean with name inMemoryUserDetailsManager
2025-02-17T21:39:27.503+01:00  INFO 19202 --- [Ingredients app] [           main] o.s.b.w.embedded.tomcat.TomcatWebServer  : Tomcat started on port 8083 (http) with context path '/meal_plan'
2025-02-17T21:39:27.508+01:00  INFO 19202 --- [Ingredients app] [           main] c.i.cucumber.glue.SpringIntegrationTest  : Started SpringIntegrationTest in 2.772 seconds (process running for 3.868)

@create
Scenario: Successfully create a new ingredient                                                                             &amp#27;[90m# src/test/java/resources/features/create_ingredient.feature:7&amp#27;[0m
Hibernate: select ie1_0.id,ie1_0.added_by,ie1_0.calorie_number,ie1_0.category,ie1_0.name from app_ingredient ie1_0
Hibernate: delete from app_ingredient where id=?
Hibernate: insert into app_ingredient (added_by,calorie_number,category,name) values (?,?,?,?)
Hibernate: select ie1_0.id,ie1_0.added_by,ie1_0.calorie_number,ie1_0.category,ie1_0.name from app_ingredient ie1_0 where ie1_0.name=?
  &amp#27;[32mGiven &amp#27;[0m&amp#27;[32mthe system is initialized&amp#27;[0m                                                                                          &amp#27;[90m# com.ingredients_service.cucumber.glue.IngredientStepDefs.theSystemIsInitialized()&amp#27;[0m
  &amp#27;[32mGiven &amp#27;[0m&amp#27;[32mthe ingredient data in JSON file &amp#27;[0m&amp#27;[32m&amp#27;[1m"/requests/create_ingredient_request.json"&amp#27;[0m                                        &amp#27;[90m# com.ingredients_service.cucumber.glue.IngredientStepDefs.theIngredientDataInJsonFile(java.lang.String)&amp#27;[0m
2025-02-17T21:39:28.034+01:00  INFO 19202 --- [Ingredients app] [nio-8083-exec-1] o.a.c.c.C.[.[localhost].[/meal_plan]     : Initializing Spring DispatcherServlet 'dispatcherServlet'
2025-02-17T21:39:28.035+01:00  INFO 19202 --- [Ingredients app] [nio-8083-exec-1] o.s.web.servlet.DispatcherServlet        : Initializing Servlet 'dispatcherServlet'
2025-02-17T21:39:28.035+01:00  INFO 19202 --- [Ingredients app] [nio-8083-exec-1] o.s.web.servlet.DispatcherServlet        : Completed initialization in 0 ms
Hibernate: select ie1_0.id,ie1_0.added_by,ie1_0.calorie_number,ie1_0.category,ie1_0.name from app_ingredient ie1_0 where ie1_0.name=?
Hibernate: select ie1_0.id,ie1_0.added_by,ie1_0.calorie_number,ie1_0.category,ie1_0.name from app_ingredient ie1_0 where ie1_0.name=?
Hibernate: insert into app_ingredient (added_by,calorie_number,category,name) values (?,?,?,?)
  &amp#27;[32mWhen &amp#27;[0m&amp#27;[32mI send a POST request to &amp#27;[0m&amp#27;[32m&amp#27;[1m"/ingredients"&amp#27;[0m                                                                             &amp#27;[90m# com.ingredients_service.cucumber.glue.IngredientStepDefs.iSendAPostRequestTo(java.lang.String)&amp#27;[0m
  &amp#27;[32mThen &amp#27;[0m&amp#27;[32mI should receive a &amp#27;[0m&amp#27;[32m&amp#27;[1m201&amp#27;[0m&amp#27;[32m response&amp#27;[0m                                                                                     &amp#27;[90m# com.ingredients_service.cucumber.glue.IngredientStepDefs.iShouldReceiveAResponse(int)&amp#27;[0m
  &amp#27;[32mAnd &amp#27;[0m&amp#27;[32mthe ingredient response should be like the ingredient data in JSON file &amp#27;[0m&amp#27;[32m&amp#27;[1m"/responses/create_ingredient_response.json"&amp#27;[0m &amp#27;[90m# com.ingredients_service.cucumber.glue.IngredientStepDefs.theIngredientResponseShouldBeLikeTheIngredientDataInJsonFile(java.lang.String)&amp#27;[0m
]]></system-out>
  </testcase>
  <testcase name="Create ingredient with missing name" classname="Create a new ingredient" time="0.031">
    <system-out><![CDATA[
@error
Scenario: Create ingredient with missing name                                                    &amp#27;[90m# src/test/java/resources/features/create_ingredient.feature:14&amp#27;[0m
Hibernate: select ie1_0.id,ie1_0.added_by,ie1_0.calorie_number,ie1_0.category,ie1_0.name from app_ingredient ie1_0
Hibernate: delete from app_ingredient where id=?
Hibernate: delete from app_ingredient where id=?
Hibernate: insert into app_ingredient (added_by,calorie_number,category,name) values (?,?,?,?)
Hibernate: select ie1_0.id,ie1_0.added_by,ie1_0.calorie_number,ie1_0.category,ie1_0.name from app_ingredient ie1_0 where ie1_0.name=?
  &amp#27;[32mGiven &amp#27;[0m&amp#27;[32mthe system is initialized&amp#27;[0m                                                                &amp#27;[90m# com.ingredients_service.cucumber.glue.IngredientStepDefs.theSystemIsInitialized()&amp#27;[0m
  &amp#27;[32mGiven &amp#27;[0m&amp#27;[32mthe ingredient data in JSON file &amp#27;[0m&amp#27;[32m&amp#27;[1m"/requests/create_ingredient_request_missing_name.json"&amp#27;[0m &amp#27;[90m# com.ingredients_service.cucumber.glue.IngredientStepDefs.theIngredientDataInJsonFile(java.lang.String)&amp#27;[0m
  &amp#27;[32mWhen &amp#27;[0m&amp#27;[32mI send a POST request to &amp#27;[0m&amp#27;[32m&amp#27;[1m"/ingredients"&amp#27;[0m                                                   &amp#27;[90m# com.ingredients_service.cucumber.glue.IngredientStepDefs.iSendAPostRequestTo(java.lang.String)&amp#27;[0m
  &amp#27;[32mThen &amp#27;[0m&amp#27;[32mI should receive a &amp#27;[0m&amp#27;[32m&amp#27;[1m400&amp#27;[0m&amp#27;[32m response&amp#27;[0m                                                           &amp#27;[90m# com.ingredients_service.cucumber.glue.IngredientStepDefs.iShouldReceiveAResponse(int)&amp#27;[0m
  &amp#27;[32mAnd &amp#27;[0m&amp#27;[32mthe response should contain error message &amp#27;[0m&amp#27;[32m&amp#27;[1m"Name of ingredient cannot be empty"&amp#27;[0m             &amp#27;[90m# com.ingredients_service.cucumber.glue.IngredientStepDefs.theResponseShouldContainErrorMessage(java.lang.String)&amp#27;[0m
]]></system-out>
  </testcase>
  <testcase name="Create ingredient with negative calorie number" classname="Create a new ingredient" time="0.019">
    <system-out><![CDATA[
@error
Scenario: Create ingredient with negative calorie number                                              &amp#27;[90m# src/test/java/resources/features/create_ingredient.feature:21&amp#27;[0m
Hibernate: select ie1_0.id,ie1_0.added_by,ie1_0.calorie_number,ie1_0.category,ie1_0.name from app_ingredient ie1_0
Hibernate: delete from app_ingredient where id=?
Hibernate: insert into app_ingredient (added_by,calorie_number,category,name) values (?,?,?,?)
Hibernate: select ie1_0.id,ie1_0.added_by,ie1_0.calorie_number,ie1_0.category,ie1_0.name from app_ingredient ie1_0 where ie1_0.name=?
  &amp#27;[32mGiven &amp#27;[0m&amp#27;[32mthe system is initialized&amp#27;[0m                                                                     &amp#27;[90m# com.ingredients_service.cucumber.glue.IngredientStepDefs.theSystemIsInitialized()&amp#27;[0m
  &amp#27;[32mGiven &amp#27;[0m&amp#27;[32mthe ingredient data in JSON file &amp#27;[0m&amp#27;[32m&amp#27;[1m"/requests/create_ingredient_request_negative_calories.json"&amp#27;[0m &amp#27;[90m# com.ingredients_service.cucumber.glue.IngredientStepDefs.theIngredientDataInJsonFile(java.lang.String)&amp#27;[0m
  &amp#27;[32mWhen &amp#27;[0m&amp#27;[32mI send a POST request to &amp#27;[0m&amp#27;[32m&amp#27;[1m"/ingredients"&amp#27;[0m                                                        &amp#27;[90m# com.ingredients_service.cucumber.glue.IngredientStepDefs.iSendAPostRequestTo(java.lang.String)&amp#27;[0m
  &amp#27;[32mThen &amp#27;[0m&amp#27;[32mI should receive a &amp#27;[0m&amp#27;[32m&amp#27;[1m400&amp#27;[0m&amp#27;[32m response&amp#27;[0m                                                                &amp#27;[90m# com.ingredients_service.cucumber.glue.IngredientStepDefs.iShouldReceiveAResponse(int)&amp#27;[0m
  &amp#27;[32mAnd &amp#27;[0m&amp#27;[32mthe response should contain error message &amp#27;[0m&amp#27;[32m&amp#27;[1m"Calorie number needs to be positive value"&amp#27;[0m           &amp#27;[90m# com.ingredients_service.cucumber.glue.IngredientStepDefs.theResponseShouldContainErrorMessage(java.lang.String)&amp#27;[0m
]]></system-out>
  </testcase>
  <testcase name="Create ingredient with missing calorie number" classname="Create a new ingredient" time="0.02">
    <system-out><![CDATA[
@error
Scenario: Create ingredient with missing calorie number                                              &amp#27;[90m# src/test/java/resources/features/create_ingredient.feature:28&amp#27;[0m
Hibernate: select ie1_0.id,ie1_0.added_by,ie1_0.calorie_number,ie1_0.category,ie1_0.name from app_ingredient ie1_0
Hibernate: delete from app_ingredient where id=?
Hibernate: insert into app_ingredient (added_by,calorie_number,category,name) values (?,?,?,?)
Hibernate: select ie1_0.id,ie1_0.added_by,ie1_0.calorie_number,ie1_0.category,ie1_0.name from app_ingredient ie1_0 where ie1_0.name=?
  &amp#27;[32mGiven &amp#27;[0m&amp#27;[32mthe system is initialized&amp#27;[0m                                                                    &amp#27;[90m# com.ingredients_service.cucumber.glue.IngredientStepDefs.theSystemIsInitialized()&amp#27;[0m
  &amp#27;[32mGiven &amp#27;[0m&amp#27;[32mthe ingredient data in JSON file &amp#27;[0m&amp#27;[32m&amp#27;[1m"/requests/create_ingredient_request_missing_calories.json"&amp#27;[0m &amp#27;[90m# com.ingredients_service.cucumber.glue.IngredientStepDefs.theIngredientDataInJsonFile(java.lang.String)&amp#27;[0m
  &amp#27;[32mWhen &amp#27;[0m&amp#27;[32mI send a POST request to &amp#27;[0m&amp#27;[32m&amp#27;[1m"/ingredients"&amp#27;[0m                                                       &amp#27;[90m# com.ingredients_service.cucumber.glue.IngredientStepDefs.iSendAPostRequestTo(java.lang.String)&amp#27;[0m
  &amp#27;[32mThen &amp#27;[0m&amp#27;[32mI should receive a &amp#27;[0m&amp#27;[32m&amp#27;[1m400&amp#27;[0m&amp#27;[32m response&amp#27;[0m                                                               &amp#27;[90m# com.ingredients_service.cucumber.glue.IngredientStepDefs.iShouldReceiveAResponse(int)&amp#27;[0m
  &amp#27;[32mAnd &amp#27;[0m&amp#27;[32mthe response should contain error message &amp#27;[0m&amp#27;[32m&amp#27;[1m"Calorie number needs to be positive value"&amp#27;[0m          &amp#27;[90m# com.ingredients_service.cucumber.glue.IngredientStepDefs.theResponseShouldContainErrorMessage(java.lang.String)&amp#27;[0m
]]></system-out>
  </testcase>
  <testcase name="Successfully delete an ingredient" classname="Delete an ingredient" time="0.028">
    <system-out><![CDATA[
@delete
Scenario: Successfully delete an ingredient                     &amp#27;[90m# src/test/java/resources/features/delete_ingredient.feature:7&amp#27;[0m
Hibernate: select ie1_0.id,ie1_0.added_by,ie1_0.calorie_number,ie1_0.category,ie1_0.name from app_ingredient ie1_0
Hibernate: delete from app_ingredient where id=?
Hibernate: insert into app_ingredient (added_by,calorie_number,category,name) values (?,?,?,?)
Hibernate: select ie1_0.id,ie1_0.added_by,ie1_0.calorie_number,ie1_0.category,ie1_0.name from app_ingredient ie1_0 where ie1_0.name=?
  &amp#27;[32mGiven &amp#27;[0m&amp#27;[32mthe system is initialized&amp#27;[0m                               &amp#27;[90m# com.ingredients_service.cucumber.glue.IngredientStepDefs.theSystemIsInitialized()&amp#27;[0m
Hibernate: select ie1_0.id,ie1_0.added_by,ie1_0.calorie_number,ie1_0.category,ie1_0.name from app_ingredient ie1_0 where ie1_0.name=?
Hibernate: select ie1_0.id,ie1_0.added_by,ie1_0.calorie_number,ie1_0.category,ie1_0.name from app_ingredient ie1_0 where ie1_0.name=?
Hibernate: delete from app_ingredient where id=?
  &amp#27;[32mWhen &amp#27;[0m&amp#27;[32mI send a DELETE request to &amp#27;[0m&amp#27;[32m&amp#27;[1m"/ingredients/Tomato"&amp#27;[0m         &amp#27;[90m# com.ingredients_service.cucumber.glue.IngredientStepDefs.iSendADELETERequestTo(java.lang.String)&amp#27;[0m
  &amp#27;[32mThen &amp#27;[0m&amp#27;[32mI should receive a &amp#27;[0m&amp#27;[32m&amp#27;[1m204&amp#27;[0m&amp#27;[32m response&amp#27;[0m                          &amp#27;[90m# com.ingredients_service.cucumber.glue.IngredientStepDefs.iShouldReceiveAResponse(int)&amp#27;[0m
Hibernate: select ie1_0.id,ie1_0.added_by,ie1_0.calorie_number,ie1_0.category,ie1_0.name from app_ingredient ie1_0 where ie1_0.name=?
  &amp#27;[32mAnd &amp#27;[0m&amp#27;[32mthe ingredient &amp#27;[0m&amp#27;[32m&amp#27;[1m"Tomato"&amp#27;[0m&amp#27;[32m should be deleted from the system&amp#27;[0m &amp#27;[90m# com.ingredients_service.cucumber.glue.IngredientStepDefs.theIngredientShouldBeDeletedFromTheSystem(java.lang.String)&amp#27;[0m
]]></system-out>
  </testcase>
  <testcase name="Delete a non-existing ingredient" classname="Delete an ingredient" time="0.015">
    <system-out><![CDATA[
@error
Scenario: Delete a non-existing ingredient                                                                        &amp#27;[90m# src/test/java/resources/features/delete_ingredient.feature:13&amp#27;[0m
Hibernate: select ie1_0.id,ie1_0.added_by,ie1_0.calorie_number,ie1_0.category,ie1_0.name from app_ingredient ie1_0
Hibernate: insert into app_ingredient (added_by,calorie_number,category,name) values (?,?,?,?)
Hibernate: select ie1_0.id,ie1_0.added_by,ie1_0.calorie_number,ie1_0.category,ie1_0.name from app_ingredient ie1_0 where ie1_0.name=?
  &amp#27;[32mGiven &amp#27;[0m&amp#27;[32mthe system is initialized&amp#27;[0m                                                                                 &amp#27;[90m# com.ingredients_service.cucumber.glue.IngredientStepDefs.theSystemIsInitialized()&amp#27;[0m
Hibernate: select ie1_0.id,ie1_0.added_by,ie1_0.calorie_number,ie1_0.category,ie1_0.name from app_ingredient ie1_0 where ie1_0.name=?
  &amp#27;[32mWhen &amp#27;[0m&amp#27;[32mI send a DELETE request to &amp#27;[0m&amp#27;[32m&amp#27;[1m"/ingredients/NonExistingIngredient"&amp#27;[0m                                            &amp#27;[90m# com.ingredients_service.cucumber.glue.IngredientStepDefs.iSendADELETERequestTo(java.lang.String)&amp#27;[0m
  &amp#27;[32mThen &amp#27;[0m&amp#27;[32mI should receive a &amp#27;[0m&amp#27;[32m&amp#27;[1m404&amp#27;[0m&amp#27;[32m response&amp#27;[0m                                                                            &amp#27;[90m# com.ingredients_service.cucumber.glue.IngredientStepDefs.iShouldReceiveAResponse(int)&amp#27;[0m
  &amp#27;[32mAnd &amp#27;[0m&amp#27;[32mthe response should contain error message &amp#27;[0m&amp#27;[32m&amp#27;[1m"Ingredient not found for ingredient name: NonExistingIngredient"&amp#27;[0m &amp#27;[90m# com.ingredients_service.cucumber.glue.IngredientStepDefs.theResponseShouldContainErrorMessage(java.lang.String)&amp#27;[0m
]]></system-out>
  </testcase>
  <testcase name="Successfully retrieve all ingredients when list is empty" classname="Get all ingredients" time="0.023">
    <system-out><![CDATA[
@getAll
Scenario: Successfully retrieve all ingredients when list is empty &amp#27;[90m# src/test/java/resources/features/get_all_ingredients.feature:4&amp#27;[0m
Hibernate: select ie1_0.id,ie1_0.added_by,ie1_0.calorie_number,ie1_0.category,ie1_0.name from app_ingredient ie1_0
Hibernate: delete from app_ingredient where id=?
  &amp#27;[32mGiven &amp#27;[0m&amp#27;[32mthe ingredient list is empty&amp#27;[0m                               &amp#27;[90m# com.ingredients_service.cucumber.glue.IngredientStepDefs.theIngredientListIsEmpty()&amp#27;[0m
Hibernate: select ie1_0.id,ie1_0.added_by,ie1_0.calorie_number,ie1_0.category,ie1_0.name from app_ingredient ie1_0
  &amp#27;[32mWhen &amp#27;[0m&amp#27;[32mI send a GET request to &amp#27;[0m&amp#27;[32m&amp#27;[1m"/ingredients"&amp#27;[0m                      &amp#27;[90m# com.ingredients_service.cucumber.glue.IngredientStepDefs.iSendAGETRequestTo(java.lang.String)&amp#27;[0m
  &amp#27;[32mThen &amp#27;[0m&amp#27;[32mI should receive a &amp#27;[0m&amp#27;[32m&amp#27;[1m200&amp#27;[0m&amp#27;[32m response&amp#27;[0m                             &amp#27;[90m# com.ingredients_service.cucumber.glue.IngredientStepDefs.iShouldReceiveAResponse(int)&amp#27;[0m
  &amp#27;[32mAnd &amp#27;[0m&amp#27;[32mthe response should contain an empty list&amp#27;[0m                    &amp#27;[90m# com.ingredients_service.cucumber.glue.IngredientStepDefs.theResponseShouldContainAnEmptyList()&amp#27;[0m
]]></system-out>
  </testcase>
  <testcase name="Successfully retrieve all ingredients when list has one ingredient #1" classname="Get all ingredients" time="0.021">
    <system-out><![CDATA[
@getAll
Scenario Outline: Successfully retrieve all ingredients when list has one ingredient                             &amp#27;[90m# src/test/java/resources/features/get_all_ingredients.feature:19&amp#27;[0m
Hibernate: select ie1_0.id,ie1_0.added_by,ie1_0.calorie_number,ie1_0.category,ie1_0.name from app_ingredient ie1_0
Hibernate: insert into app_ingredient (added_by,calorie_number,category,name) values (?,?,?,?)
Hibernate: select ie1_0.id,ie1_0.added_by,ie1_0.calorie_number,ie1_0.category,ie1_0.name from app_ingredient ie1_0
  &amp#27;[32mGiven &amp#27;[0m&amp#27;[32mthe ingredient list contains &amp#27;[0m&amp#27;[32m&amp#27;[1m1&amp#27;[0m&amp#27;[32m ingredient&amp#27;[0m                                                                &amp#27;[90m# com.ingredients_service.cucumber.glue.IngredientStepDefs.theIngredientListContainsIngredient(int)&amp#27;[0m
Hibernate: select ie1_0.id,ie1_0.added_by,ie1_0.calorie_number,ie1_0.category,ie1_0.name from app_ingredient ie1_0
  &amp#27;[32mWhen &amp#27;[0m&amp#27;[32mI send a GET request to &amp#27;[0m&amp#27;[32m&amp#27;[1m"/ingredients"&amp#27;[0m                                                                    &amp#27;[90m# com.ingredients_service.cucumber.glue.IngredientStepDefs.iSendAGETRequestTo(java.lang.String)&amp#27;[0m
  &amp#27;[32mThen &amp#27;[0m&amp#27;[32mI should receive a &amp#27;[0m&amp#27;[32m&amp#27;[1m200&amp#27;[0m&amp#27;[32m response&amp#27;[0m                                                                           &amp#27;[90m# com.ingredients_service.cucumber.glue.IngredientStepDefs.iShouldReceiveAResponse(int)&amp#27;[0m
  &amp#27;[32mAnd &amp#27;[0m&amp#27;[32mthe response should contain &amp#27;[0m&amp#27;[32m&amp#27;[1m1&amp#27;[0m&amp#27;[32m ingredient&amp#27;[0m                                                                   &amp#27;[90m# com.ingredients_service.cucumber.glue.IngredientStepDefs.theResponseShouldContainNumberIngredient(int)&amp#27;[0m
  &amp#27;[32mAnd &amp#27;[0m&amp#27;[32mthe response should be list of data as in JSON file &amp#27;[0m&amp#27;[32m&amp#27;[1m"/responses/get_all_ingredient_size_one_response.json"&amp#27;[0m &amp#27;[90m# com.ingredients_service.cucumber.glue.IngredientStepDefs.theResponseShouldBeListOfDataAsInJSONFile(java.lang.String)&amp#27;[0m
]]></system-out>
  </testcase>
  <testcase name="Successfully retrieve all ingredients when list has one ingredient #2" classname="Get all ingredients" time="0.017">
    <system-out><![CDATA[
@getAll
Scenario Outline: Successfully retrieve all ingredients when list has one ingredient                             &amp#27;[90m# src/test/java/resources/features/get_all_ingredients.feature:20&amp#27;[0m
Hibernate: select ie1_0.id,ie1_0.added_by,ie1_0.calorie_number,ie1_0.category,ie1_0.name from app_ingredient ie1_0
Hibernate: delete from app_ingredient where id=?
Hibernate: insert into app_ingredient (added_by,calorie_number,category,name) values (?,?,?,?)
Hibernate: insert into app_ingredient (added_by,calorie_number,category,name) values (?,?,?,?)
Hibernate: select ie1_0.id,ie1_0.added_by,ie1_0.calorie_number,ie1_0.category,ie1_0.name from app_ingredient ie1_0
  &amp#27;[32mGiven &amp#27;[0m&amp#27;[32mthe ingredient list contains &amp#27;[0m&amp#27;[32m&amp#27;[1m2&amp#27;[0m&amp#27;[32m ingredient&amp#27;[0m                                                                &amp#27;[90m# com.ingredients_service.cucumber.glue.IngredientStepDefs.theIngredientListContainsIngredient(int)&amp#27;[0m
Hibernate: select ie1_0.id,ie1_0.added_by,ie1_0.calorie_number,ie1_0.category,ie1_0.name from app_ingredient ie1_0
  &amp#27;[32mWhen &amp#27;[0m&amp#27;[32mI send a GET request to &amp#27;[0m&amp#27;[32m&amp#27;[1m"/ingredients"&amp#27;[0m                                                                    &amp#27;[90m# com.ingredients_service.cucumber.glue.IngredientStepDefs.iSendAGETRequestTo(java.lang.String)&amp#27;[0m
  &amp#27;[32mThen &amp#27;[0m&amp#27;[32mI should receive a &amp#27;[0m&amp#27;[32m&amp#27;[1m200&amp#27;[0m&amp#27;[32m response&amp#27;[0m                                                                           &amp#27;[90m# com.ingredients_service.cucumber.glue.IngredientStepDefs.iShouldReceiveAResponse(int)&amp#27;[0m
  &amp#27;[32mAnd &amp#27;[0m&amp#27;[32mthe response should contain &amp#27;[0m&amp#27;[32m&amp#27;[1m2&amp#27;[0m&amp#27;[32m ingredient&amp#27;[0m                                                                   &amp#27;[90m# com.ingredients_service.cucumber.glue.IngredientStepDefs.theResponseShouldContainNumberIngredient(int)&amp#27;[0m
  &amp#27;[32mAnd &amp#27;[0m&amp#27;[32mthe response should be list of data as in JSON file &amp#27;[0m&amp#27;[32m&amp#27;[1m"/responses/get_all_ingredient_size_two_response.json"&amp#27;[0m &amp#27;[90m# com.ingredients_service.cucumber.glue.IngredientStepDefs.theResponseShouldBeListOfDataAsInJSONFile(java.lang.String)&amp#27;[0m
]]></system-out>
  </testcase>
  <testcase name="Successfully retrieve an ingredient by name" classname="Get an ingredient by name" time="0.016">
    <system-out><![CDATA[
@getByName
Scenario: Successfully retrieve an ingredient by name                                                                           &amp#27;[90m# src/test/java/resources/features/get_ingredient_by_name.feature:7&amp#27;[0m
Hibernate: select ie1_0.id,ie1_0.added_by,ie1_0.calorie_number,ie1_0.category,ie1_0.name from app_ingredient ie1_0
Hibernate: delete from app_ingredient where id=?
Hibernate: delete from app_ingredient where id=?
Hibernate: insert into app_ingredient (added_by,calorie_number,category,name) values (?,?,?,?)
Hibernate: select ie1_0.id,ie1_0.added_by,ie1_0.calorie_number,ie1_0.category,ie1_0.name from app_ingredient ie1_0 where ie1_0.name=?
  &amp#27;[32mGiven &amp#27;[0m&amp#27;[32mthe system is initialized&amp#27;[0m                                                                                               &amp#27;[90m# com.ingredients_service.cucumber.glue.IngredientStepDefs.theSystemIsInitialized()&amp#27;[0m
Hibernate: select ie1_0.id,ie1_0.added_by,ie1_0.calorie_number,ie1_0.category,ie1_0.name from app_ingredient ie1_0 where ie1_0.name=?
  &amp#27;[32mWhen &amp#27;[0m&amp#27;[32mI send a GET request to &amp#27;[0m&amp#27;[32m&amp#27;[1m"/ingredients/Tomato"&amp#27;[0m                                                                            &amp#27;[90m# com.ingredients_service.cucumber.glue.IngredientStepDefs.iSendAGETRequestTo(java.lang.String)&amp#27;[0m
  &amp#27;[32mThen &amp#27;[0m&amp#27;[32mI should receive a &amp#27;[0m&amp#27;[32m&amp#27;[1m200&amp#27;[0m&amp#27;[32m response&amp#27;[0m                                                                                          &amp#27;[90m# com.ingredients_service.cucumber.glue.IngredientStepDefs.iShouldReceiveAResponse(int)&amp#27;[0m
  &amp#27;[32mAnd &amp#27;[0m&amp#27;[32mthe ingredient response should be like the ingredient data in JSON file &amp#27;[0m&amp#27;[32m&amp#27;[1m"/responses/get_ingredient_by_name_response.json"&amp#27;[0m &amp#27;[90m# com.ingredients_service.cucumber.glue.IngredientStepDefs.theIngredientResponseShouldBeLikeTheIngredientDataInJsonFile(java.lang.String)&amp#27;[0m
]]></system-out>
  </testcase>
  <testcase name="Get a non-existing ingredient" classname="Get an ingredient by name" time="0.015">
    <system-out><![CDATA[
@error
Scenario: Get a non-existing ingredient                                                                           &amp#27;[90m# src/test/java/resources/features/get_ingredient_by_name.feature:13&amp#27;[0m
Hibernate: select ie1_0.id,ie1_0.added_by,ie1_0.calorie_number,ie1_0.category,ie1_0.name from app_ingredient ie1_0
Hibernate: delete from app_ingredient where id=?
Hibernate: insert into app_ingredient (added_by,calorie_number,category,name) values (?,?,?,?)
Hibernate: select ie1_0.id,ie1_0.added_by,ie1_0.calorie_number,ie1_0.category,ie1_0.name from app_ingredient ie1_0 where ie1_0.name=?
  &amp#27;[32mGiven &amp#27;[0m&amp#27;[32mthe system is initialized&amp#27;[0m                                                                                 &amp#27;[90m# com.ingredients_service.cucumber.glue.IngredientStepDefs.theSystemIsInitialized()&amp#27;[0m
Hibernate: select ie1_0.id,ie1_0.added_by,ie1_0.calorie_number,ie1_0.category,ie1_0.name from app_ingredient ie1_0 where ie1_0.name=?
  &amp#27;[32mWhen &amp#27;[0m&amp#27;[32mI send a GET request to &amp#27;[0m&amp#27;[32m&amp#27;[1m"/ingredients/NonExistingIngredient"&amp#27;[0m                                               &amp#27;[90m# com.ingredients_service.cucumber.glue.IngredientStepDefs.iSendAGETRequestTo(java.lang.String)&amp#27;[0m
  &amp#27;[32mThen &amp#27;[0m&amp#27;[32mI should receive a &amp#27;[0m&amp#27;[32m&amp#27;[1m404&amp#27;[0m&amp#27;[32m response&amp#27;[0m                                                                            &amp#27;[90m# com.ingredients_service.cucumber.glue.IngredientStepDefs.iShouldReceiveAResponse(int)&amp#27;[0m
  &amp#27;[32mAnd &amp#27;[0m&amp#27;[32mthe response should contain error message &amp#27;[0m&amp#27;[32m&amp#27;[1m"Ingredient not found for ingredient name: NonExistingIngredient"&amp#27;[0m &amp#27;[90m# com.ingredients_service.cucumber.glue.IngredientStepDefs.theResponseShouldContainErrorMessage(java.lang.String)&amp#27;[0m
]]></system-out>
  </testcase>
  <testcase name="Successfully update an ingredient" classname="Update an existing ingredient" time="0.019">
    <system-out><![CDATA[
@update
Scenario: Successfully update an ingredient                                                                                &amp#27;[90m# src/test/java/resources/features/update_ingredient.feature:7&amp#27;[0m
Hibernate: select ie1_0.id,ie1_0.added_by,ie1_0.calorie_number,ie1_0.category,ie1_0.name from app_ingredient ie1_0
Hibernate: delete from app_ingredient where id=?
Hibernate: insert into app_ingredient (added_by,calorie_number,category,name) values (?,?,?,?)
Hibernate: select ie1_0.id,ie1_0.added_by,ie1_0.calorie_number,ie1_0.category,ie1_0.name from app_ingredient ie1_0 where ie1_0.name=?
  &amp#27;[32mGiven &amp#27;[0m&amp#27;[32mthe system is initialized&amp#27;[0m                                                                                          &amp#27;[90m# com.ingredients_service.cucumber.glue.IngredientStepDefs.theSystemIsInitialized()&amp#27;[0m
  &amp#27;[32mGiven &amp#27;[0m&amp#27;[32mthe ingredient data in JSON file &amp#27;[0m&amp#27;[32m&amp#27;[1m"/requests/update_ingredient_request.json"&amp#27;[0m                                        &amp#27;[90m# com.ingredients_service.cucumber.glue.IngredientStepDefs.theIngredientDataInJsonFile(java.lang.String)&amp#27;[0m
Hibernate: select ie1_0.id,ie1_0.added_by,ie1_0.calorie_number,ie1_0.category,ie1_0.name from app_ingredient ie1_0 where ie1_0.name=?
Hibernate: insert into app_ingredient (added_by,calorie_number,category,name) values (?,?,?,?)
  &amp#27;[32mWhen &amp#27;[0m&amp#27;[32mI send a PUT request to &amp#27;[0m&amp#27;[32m&amp#27;[1m"/ingredients/Tomato"&amp#27;[0m                                                                       &amp#27;[90m# com.ingredients_service.cucumber.glue.IngredientStepDefs.iSendAPUTRequestTo(java.lang.String)&amp#27;[0m
  &amp#27;[32mThen &amp#27;[0m&amp#27;[32mI should receive a &amp#27;[0m&amp#27;[32m&amp#27;[1m200&amp#27;[0m&amp#27;[32m response&amp#27;[0m                                                                                     &amp#27;[90m# com.ingredients_service.cucumber.glue.IngredientStepDefs.iShouldReceiveAResponse(int)&amp#27;[0m
  &amp#27;[32mAnd &amp#27;[0m&amp#27;[32mthe ingredient response should be like the ingredient data in JSON file &amp#27;[0m&amp#27;[32m&amp#27;[1m"/responses/update_ingredient_response.json"&amp#27;[0m &amp#27;[90m# com.ingredients_service.cucumber.glue.IngredientStepDefs.theIngredientResponseShouldBeLikeTheIngredientDataInJsonFile(java.lang.String)&amp#27;[0m
]]></system-out>
  </testcase>
  <testcase name="Update non-existing ingredient" classname="Update an existing ingredient" time="0.021">
    <system-out><![CDATA[
@error
Scenario: Update non-existing ingredient                                                                          &amp#27;[90m# src/test/java/resources/features/update_ingredient.feature:14&amp#27;[0m
Hibernate: select ie1_0.id,ie1_0.added_by,ie1_0.calorie_number,ie1_0.category,ie1_0.name from app_ingredient ie1_0
Hibernate: delete from app_ingredient where id=?
Hibernate: delete from app_ingredient where id=?
Hibernate: insert into app_ingredient (added_by,calorie_number,category,name) values (?,?,?,?)
Hibernate: select ie1_0.id,ie1_0.added_by,ie1_0.calorie_number,ie1_0.category,ie1_0.name from app_ingredient ie1_0 where ie1_0.name=?
  &amp#27;[32mGiven &amp#27;[0m&amp#27;[32mthe system is initialized&amp#27;[0m                                                                                 &amp#27;[90m# com.ingredients_service.cucumber.glue.IngredientStepDefs.theSystemIsInitialized()&amp#27;[0m
  &amp#27;[32mGiven &amp#27;[0m&amp#27;[32mthe ingredient data in JSON file &amp#27;[0m&amp#27;[32m&amp#27;[1m"/requests/update_ingredient_request.json"&amp#27;[0m                               &amp#27;[90m# com.ingredients_service.cucumber.glue.IngredientStepDefs.theIngredientDataInJsonFile(java.lang.String)&amp#27;[0m
Hibernate: select ie1_0.id,ie1_0.added_by,ie1_0.calorie_number,ie1_0.category,ie1_0.name from app_ingredient ie1_0 where ie1_0.name=?
  &amp#27;[32mWhen &amp#27;[0m&amp#27;[32mI send a PUT request to &amp#27;[0m&amp#27;[32m&amp#27;[1m"/ingredients/NonExistingIngredient"&amp#27;[0m                                               &amp#27;[90m# com.ingredients_service.cucumber.glue.IngredientStepDefs.iSendAPUTRequestTo(java.lang.String)&amp#27;[0m
  &amp#27;[32mThen &amp#27;[0m&amp#27;[32mI should receive a &amp#27;[0m&amp#27;[32m&amp#27;[1m404&amp#27;[0m&amp#27;[32m response&amp#27;[0m                                                                            &amp#27;[90m# com.ingredients_service.cucumber.glue.IngredientStepDefs.iShouldReceiveAResponse(int)&amp#27;[0m
  &amp#27;[32mAnd &amp#27;[0m&amp#27;[32mthe response should contain error message &amp#27;[0m&amp#27;[32m&amp#27;[1m"Ingredient not found for ingredient name: NonExistingIngredient"&amp#27;[0m &amp#27;[90m# com.ingredients_service.cucumber.glue.IngredientStepDefs.theResponseShouldContainErrorMessage(java.lang.String)&amp#27;[0m
]]></system-out>
  </testcase>
  <testcase name="Update ingredient with missing calorie number" classname="Update an existing ingredient" time="0.017">
    <system-out><![CDATA[
@error
Scenario: Update ingredient with missing calorie number                                              &amp#27;[90m# src/test/java/resources/features/update_ingredient.feature:21&amp#27;[0m
Hibernate: select ie1_0.id,ie1_0.added_by,ie1_0.calorie_number,ie1_0.category,ie1_0.name from app_ingredient ie1_0
Hibernate: delete from app_ingredient where id=?
Hibernate: insert into app_ingredient (added_by,calorie_number,category,name) values (?,?,?,?)
Hibernate: select ie1_0.id,ie1_0.added_by,ie1_0.calorie_number,ie1_0.category,ie1_0.name from app_ingredient ie1_0 where ie1_0.name=?
  &amp#27;[32mGiven &amp#27;[0m&amp#27;[32mthe system is initialized&amp#27;[0m                                                                    &amp#27;[90m# com.ingredients_service.cucumber.glue.IngredientStepDefs.theSystemIsInitialized()&amp#27;[0m
  &amp#27;[32mGiven &amp#27;[0m&amp#27;[32mthe ingredient data in JSON file &amp#27;[0m&amp#27;[32m&amp#27;[1m"/requests/update_ingredient_request_missing_calories.json"&amp#27;[0m &amp#27;[90m# com.ingredients_service.cucumber.glue.IngredientStepDefs.theIngredientDataInJsonFile(java.lang.String)&amp#27;[0m
  &amp#27;[32mWhen &amp#27;[0m&amp#27;[32mI send a PUT request to &amp#27;[0m&amp#27;[32m&amp#27;[1m"/ingredients/Tomato"&amp#27;[0m                                                 &amp#27;[90m# com.ingredients_service.cucumber.glue.IngredientStepDefs.iSendAPUTRequestTo(java.lang.String)&amp#27;[0m
  &amp#27;[32mThen &amp#27;[0m&amp#27;[32mI should receive a &amp#27;[0m&amp#27;[32m&amp#27;[1m400&amp#27;[0m&amp#27;[32m response&amp#27;[0m                                                               &amp#27;[90m# com.ingredients_service.cucumber.glue.IngredientStepDefs.iShouldReceiveAResponse(int)&amp#27;[0m
  &amp#27;[32mAnd &amp#27;[0m&amp#27;[32mthe response should contain error message &amp#27;[0m&amp#27;[32m&amp#27;[1m"Calorie number needs to be positive value"&amp#27;[0m          &amp#27;[90m# com.ingredients_service.cucumber.glue.IngredientStepDefs.theResponseShouldContainErrorMessage(java.lang.String)&amp#27;[0m
]]></system-out>
  </testcase>
</testsuite>