<?xml version="1.0" encoding="UTF-8"?>
<testsuite xmlns:xsi="http://www.w3.org/2001/XMLSchema-instance" xsi:noNamespaceSchemaLocation="https://maven.apache.org/surefire/maven-surefire-plugin/xsd/surefire-test-report.xsd" version="3.0.2" name="com.ingredients_service.cucumber.glue.SpringIntegrationTest" time="0.005" tests="1" errors="0" skipped="0" failures="0">
  <properties>
[...]
</properties>
  <testcase name="test" classname="com.ingredients_service.cucumber.glue.SpringIntegrationTest" time="0.002">
    <system-out><![CDATA[Running Cucumber tests...
]]></system-out>
  </testcase>
</testsuite>